Canteen/app/build/intermediates/manifest_merge_blame_file/debug/manifest-merger-blame-debug-report.txt
1<?xml version="1.0" encoding="utf-8"?>
2<manifest xmlns:android="http://schemas.android.com/apk/res/android"
3    package="com.example.vescanteen"
4    android:versionCode="1"
5    android:versionName="1.0" >
6
7    <uses-sdk
8        android:minSdkVersion="26"
8-->src\main\AndroidManifest.xml
9        android:targetSdkVersion="29" />
9-->src\main\AndroidManifest.xml
10
11    <uses-permission android:name="android.permission.ACCESS_NETWORK_STATE" />
11-->[com.google.firebase:firebase-database:16.0.4] AndroidManifest.xml:22:5-79
11-->[com.google.firebase:firebase-database:16.0.4] AndroidManifest.xml:22:22-76
12    <uses-permission android:name="android.permission.INTERNET" />
12-->[com.google.firebase:firebase-database:16.0.4] AndroidManifest.xml:23:5-67
12-->[com.google.firebase:firebase-database:16.0.4] AndroidManifest.xml:23:22-64
13
14    <application
14-->src\main\AndroidManifest.xml:5:5-29:19
15        android:appComponentFactory="androidx.core.app.CoreComponentFactory"
15-->[androidx.core:core:1.1.0] AndroidManifest.xml:24:18-86
16        android:debuggable="true"
17        android:icon="@mipmap/ic_launcher"
17-->src\main\AndroidManifest.xml:6:9-43
18        android:label="@string/app_name"
18-->src\main\AndroidManifest.xml:7:9-41
19        android:roundIcon="@mipmap/ic_launcher_round"
19-->src\main\AndroidManifest.xml:8:9-54
20        android:supportsRtl="true"
20-->src\main\AndroidManifest.xml:9:9-35
21        android:testOnly="true"
22        android:theme="@style/AppTheme" >
22-->src\main\AndroidManifest.xml:10:9-40
23        <activity android:name="com.example.vescanteen.bill" />
23-->src\main\AndroidManifest.xml:11:9-51
23-->src\main\AndroidManifest.xml:11:19-39
24        <activity android:name="com.example.vescanteen.Otp" />
24-->src\main\AndroidManifest.xml:12:9-41
24-->src\main\AndroidManifest.xml:12:19-38
25        <activity android:name="com.example.vescanteen.Cart" />
25-->src\main\AndroidManifest.xml:13:9-42
25-->src\main\AndroidManifest.xml:13:19-39
26        <activity android:name="com.example.vescanteen.Slider" />
26-->src\main\AndroidManifest.xml:14:9-44
26-->src\main\AndroidManifest.xml:14:19-41
27        <activity android:name="com.example.vescanteen.Menus" />
27-->src\main\AndroidManifest.xml:15:9-43
27-->src\main\AndroidManifest.xml:15:19-40
28        <activity android:name="com.example.vescanteen.User_Signup" />
28-->src\main\AndroidManifest.xml:16:9-49
28-->src\main\AndroidManifest.xml:16:19-46
29        <activity android:name="com.example.vescanteen.user_login" />
29-->src\main\AndroidManifest.xml:17:9-48
29-->src\main\AndroidManifest.xml:17:19-45
30        <activity android:name="com.example.vescanteen.MainActivity" >
30-->src\main\AndroidManifest.xml:18:9-24:20
30-->src\main\AndroidManifest.xml:18:19-47
31            <intent-filter>
31-->src\main\AndroidManifest.xml:19:13-23:29
32                <action android:name="android.intent.action.MAIN" />
32-->src\main\AndroidManifest.xml:20:17-69
32-->src\main\AndroidManifest.xml:20:25-66
33
34                <category android:name="android.intent.category.LAUNCHER" />
34-->src\main\AndroidManifest.xml:22:17-77
34-->src\main\AndroidManifest.xml:22:27-74
35            </intent-filter>
36        </activity>
37
38        <meta-data
38-->src\main\AndroidManifest.xml:26:9-28:57
39            android:name="preloaded_fonts"
39-->src\main\AndroidManifest.xml:27:13-43
40            android:resource="@array/preloaded_fonts" />
40-->src\main\AndroidManifest.xml:28:13-54
41
42        <activity
42-->[com.google.firebase:firebase-auth:16.0.5] AndroidManifest.xml:24:9-31:50
43            android:name="com.google.firebase.auth.internal.FederatedSignInActivity"
43-->[com.google.firebase:firebase-auth:16.0.5] AndroidManifest.xml:25:13-85
44            android:excludeFromRecents="true"
44-->[com.google.firebase:firebase-auth:16.0.5] AndroidManifest.xml:26:13-46
45            android:exported="true"
45-->[com.google.firebase:firebase-auth:16.0.5] AndroidManifest.xml:27:13-36
46            android:launchMode="singleTask"
46-->[com.google.firebase:firebase-auth:16.0.5] AndroidManifest.xml:28:13-44
47            android:permission="com.google.firebase.auth.api.gms.permission.LAUNCH_FEDERATED_SIGN_IN"
47-->[com.google.firebase:firebase-auth:16.0.5] AndroidManifest.xml:29:13-102
48            android:theme="@android:style/Theme.Translucent.NoTitleBar" />
48-->[com.google.firebase:firebase-auth:16.0.5] AndroidManifest.xml:30:13-72
49
50        <service
50-->[com.google.firebase:firebase-auth:16.0.5] AndroidManifest.xml:33:9-39:19
51            android:name="com.google.firebase.components.ComponentDiscoveryService"
51-->[com.google.firebase:firebase-auth:16.0.5] AndroidManifest.xml:34:13-84
52            android:exported="false" >
52-->[com.google.firebase:firebase-auth:16.0.5] AndroidManifest.xml:35:13-37
53            <meta-data
53-->[com.google.firebase:firebase-auth:16.0.5] AndroidManifest.xml:36:13-38:85
54                android:name="com.google.firebase.components:com.google.firebase.auth.FirebaseAuthRegistrar"
54-->[com.google.firebase:firebase-auth:16.0.5] AndroidManifest.xml:37:17-109
55                android:value="com.google.firebase.components.ComponentRegistrar" />
55-->[com.google.firebase:firebase-auth:16.0.5] AndroidManifest.xml:38:17-82
56        </service>
57
58        <activity
58-->[com.google.android.gms:play-services-base:16.0.1] AndroidManifest.xml:23:9-26:75
59            android:name="com.google.android.gms.common.api.GoogleApiActivity"
59-->[com.google.android.gms:play-services-base:16.0.1] AndroidManifest.xml:24:13-79
60            android:exported="false"
60-->[com.google.android.gms:play-services-base:16.0.1] AndroidManifest.xml:25:13-37
61            android:theme="@android:style/Theme.Translucent.NoTitleBar" />
61-->[com.google.android.gms:play-services-base:16.0.1] AndroidManifest.xml:26:13-72
62
63        <provider
63-->[com.google.firebase:firebase-common:16.0.3] AndroidManifest.xml:10:9-14:39
64            android:name="com.google.firebase.provider.FirebaseInitProvider"
64-->[com.google.firebase:firebase-common:16.0.3] AndroidManifest.xml:11:13-77
65            android:authorities="com.example.vescanteen.firebaseinitprovider"
65-->[com.google.firebase:firebase-common:16.0.3] AndroidManifest.xml:12:13-72
66            android:exported="false"
66-->[com.google.firebase:firebase-common:16.0.3] AndroidManifest.xml:13:13-37
67            android:initOrder="100" />
67-->[com.google.firebase:firebase-common:16.0.3] AndroidManifest.xml:14:13-36
68
69        <meta-data
69-->[com.google.android.gms:play-services-basement:16.1.0] AndroidManifest.xml:23:9-25:69
70            android:name="com.google.android.gms.version"
70-->[com.google.android.gms:play-services-basement:16.1.0] AndroidManifest.xml:24:13-58
71            android:value="@integer/google_play_services_version" />
71-->[com.google.android.gms:play-services-basement:16.1.0] AndroidManifest.xml:25:13-66
72
73        <provider
73-->[androidx.lifecycle:lifecycle-process:2.0.0] AndroidManifest.xml:23:9-27:43
74            android:name="androidx.lifecycle.ProcessLifecycleOwnerInitializer"
74-->[androidx.lifecycle:lifecycle-process:2.0.0] AndroidManifest.xml:24:13-79
75            android:authorities="com.example.vescanteen.lifecycle-process"
75-->[androidx.lifecycle:lifecycle-process:2.0.0] AndroidManifest.xml:25:13-69
76            android:exported="false"
76-->[androidx.lifecycle:lifecycle-process:2.0.0] AndroidManifest.xml:26:13-37
77            android:multiprocess="true" />
77-->[androidx.lifecycle:lifecycle-process:2.0.0] AndroidManifest.xml:27:13-40
78    </application>
79
80</manifest>